<?xml version="1.0" encoding="UTF-8" ?><testsuite errors="0" name="jasmine.specs" tests="1" failures="0" skipped="0" hostname="localhost" time="0.0" timestamp="2013-07-01T13:40:36"><testcase classname="jasmine" name="The quickstart object adds two numbers" time="0.0" failure="false"/></testsuite>